2017-12-25 14:51:21 - PHP Notice:  Undefined variable: d_shopunity in /var/www/dev1/public_html/vqmod/vqcache/vq2-admin_view_template_common_header.tpl on line 46
2017-12-25 14:51:27 - PHP Notice:  Error: Could not load model /var/www/dev1/public_html/admin/model/sale/customer_group.php! in /var/www/dev1/public_html/vqmod/vqcache/vq2-system_engine_loader.php on line 64
2017-12-25 14:51:52 - PHP Notice:  Error: Could not load model /var/www/dev1/public_html/admin/model/sale/customer_group.php! in /var/www/dev1/public_html/vqmod/vqcache/vq2-system_engine_loader.php on line 64
2017-12-25 14:57:01 - PHP Notice:  Error: Could not load model /var/www/dev1/public_html/admin/model/sale/customer_group.php! in /var/www/dev1/public_html/vqmod/vqcache/vq2-system_engine_loader.php on line 64
2017-12-25 14:57:32 - PHP Notice:  Undefined variable: d_shopunity in /var/www/dev1/public_html/vqmod/vqcache/vq2-admin_view_template_common_header.tpl on line 46
2017-12-25 14:57:37 - PHP Notice:  Undefined variable: d_shopunity in /var/www/dev1/public_html/vqmod/vqcache/vq2-admin_view_template_common_header.tpl on line 46
2017-12-25 14:57:41 - PHP Notice:  Error: Could not load model /var/www/dev1/public_html/admin/model/sale/customer_group.php! in /var/www/dev1/public_html/vqmod/vqcache/vq2-system_engine_loader.php on line 64
2017-12-25 15:03:24 - PHP Notice:  Undefined variable: d_shopunity in /var/www/dev1/public_html/vqmod/vqcache/vq2-admin_view_template_common_header.tpl on line 46
2017-12-25 15:03:28 - PHP Notice:  Undefined variable: d_shopunity in /var/www/dev1/public_html/vqmod/vqcache/vq2-admin_view_template_common_header.tpl on line 46
2017-12-25 15:03:32 - PHP Notice:  Undefined variable: d_shopunity in /var/www/dev1/public_html/vqmod/vqcache/vq2-admin_view_template_common_header.tpl on line 46
2017-12-25 15:03:52 - PHP Notice:  Error: Could not load model /var/www/dev1/public_html/admin/model/sale/customer_group.php! in /var/www/dev1/public_html/vqmod/vqcache/vq2-system_engine_loader.php on line 64
2017-12-25 15:04:19 - PHP Notice:  Undefined variable: d_shopunity in /var/www/dev1/public_html/vqmod/vqcache/vq2-admin_view_template_common_header.tpl on line 46
2017-12-25 15:06:35 - PHP Notice:  Error: Could not load model /var/www/dev1/public_html/admin/model/sale/customer_group.php! in /var/www/dev1/public_html/vqmod/vqcache/vq2-system_engine_loader.php on line 64
2017-12-25 15:06:48 - PHP Notice:  Undefined variable: d_shopunity in /var/www/dev1/public_html/vqmod/vqcache/vq2-admin_view_template_common_header.tpl on line 46
2017-12-25 15:06:51 - PHP Notice:  Undefined variable: d_shopunity in /var/www/dev1/public_html/vqmod/vqcache/vq2-admin_view_template_common_header.tpl on line 46
2017-12-25 15:14:13 - PHP Notice:  Undefined variable: d_shopunity in /var/www/dev1/public_html/vqmod/vqcache/vq2-admin_view_template_common_header.tpl on line 46
2017-12-25 15:14:15 - PHP Notice:  Error: Could not load model /var/www/dev1/public_html/admin/model/sale/customer_group.php! in /var/www/dev1/public_html/vqmod/vqcache/vq2-system_engine_loader.php on line 64
2017-12-25 15:17:24 - PHP Notice:  Undefined variable: d_shopunity in /var/www/dev1/public_html/vqmod/vqcache/vq2-admin_view_template_common_header.tpl on line 46
2017-12-25 15:18:39 - PHP Notice:  Undefined variable: d_shopunity in /var/www/dev1/public_html/vqmod/vqcache/vq2-admin_view_template_common_header.tpl on line 46
2017-12-25 15:18:51 - PHP Notice:  Error: Could not load model /var/www/dev1/public_html/admin/model/sale/customer_group.php! in /var/www/dev1/public_html/vqmod/vqcache/vq2-system_engine_loader.php on line 64
2017-12-25 15:34:28 - PHP Notice:  Error: Could not load model /var/www/dev1/public_html/admin/model/sale/customer_group.php! in /var/www/dev1/public_html/vqmod/vqcache/vq2-system_engine_loader.php on line 64
2017-12-25 15:34:29 - PHP Notice:  Error: Could not load model /var/www/dev1/public_html/admin/model/sale/customer_group.php! in /var/www/dev1/public_html/vqmod/vqcache/vq2-system_engine_loader.php on line 64
2017-12-25 15:34:29 - PHP Notice:  Error: Could not load model /var/www/dev1/public_html/admin/model/sale/customer_group.php! in /var/www/dev1/public_html/vqmod/vqcache/vq2-system_engine_loader.php on line 64
2017-12-25 15:34:29 - PHP Notice:  Error: Could not load model /var/www/dev1/public_html/admin/model/sale/customer_group.php! in /var/www/dev1/public_html/vqmod/vqcache/vq2-system_engine_loader.php on line 64
2017-12-25 15:34:30 - PHP Notice:  Error: Could not load model /var/www/dev1/public_html/admin/model/sale/customer_group.php! in /var/www/dev1/public_html/vqmod/vqcache/vq2-system_engine_loader.php on line 64
2017-12-25 15:34:30 - PHP Notice:  Error: Could not load model /var/www/dev1/public_html/admin/model/sale/customer_group.php! in /var/www/dev1/public_html/vqmod/vqcache/vq2-system_engine_loader.php on line 64
2017-12-25 15:34:35 - PHP Notice:  Undefined variable: d_shopunity in /var/www/dev1/public_html/vqmod/vqcache/vq2-admin_view_template_common_header.tpl on line 46
2017-12-25 15:34:37 - PHP Notice:  Undefined variable: d_shopunity in /var/www/dev1/public_html/vqmod/vqcache/vq2-admin_view_template_common_header.tpl on line 46
2017-12-25 15:34:41 - PHP Notice:  Undefined variable: d_shopunity in /var/www/dev1/public_html/vqmod/vqcache/vq2-admin_view_template_common_header.tpl on line 46
2017-12-25 15:34:43 - PHP Notice:  Error: Could not load model /var/www/dev1/public_html/admin/model/sale/customer_group.php! in /var/www/dev1/public_html/vqmod/vqcache/vq2-system_engine_loader.php on line 64
2017-12-26 11:48:36 - PHP Notice:  Undefined variable: d_shopunity in /var/www/dev1/public_html/vqmod/vqcache/vq2-admin_view_template_common_header.tpl on line 46
2017-12-26 11:48:43 - PHP Notice:  Undefined variable: d_shopunity in /var/www/dev1/public_html/vqmod/vqcache/vq2-admin_view_template_common_header.tpl on line 46
2017-12-26 11:48:45 - PHP Notice:  Error: Could not load model /var/www/dev1/public_html/admin/model/sale/customer_group.php! in /var/www/dev1/public_html/vqmod/vqcache/vq2-system_engine_loader.php on line 64
2017-12-26 12:07:30 - PHP Notice:  Undefined variable: d_shopunity in /var/www/dev1/public_html/vqmod/vqcache/vq2-admin_view_template_common_header.tpl on line 46
2017-12-26 12:07:38 - PHP Notice:  Undefined variable: d_shopunity in /var/www/dev1/public_html/vqmod/vqcache/vq2-admin_view_template_common_header.tpl on line 46
2017-12-26 12:07:40 - PHP Notice:  Error: Could not load model /var/www/dev1/public_html/admin/model/sale/customer_group.php! in /var/www/dev1/public_html/vqmod/vqcache/vq2-system_engine_loader.php on line 64
2017-12-26 16:27:34 - PHP Notice:  Undefined variable: d_shopunity in /var/www/dev1/public_html/vqmod/vqcache/vq2-admin_view_template_common_header.tpl on line 46
2017-12-26 16:27:40 - PHP Notice:  Undefined variable: d_shopunity in /var/www/dev1/public_html/vqmod/vqcache/vq2-admin_view_template_common_header.tpl on line 46
2017-12-26 16:27:42 - PHP Notice:  Error: Could not load model /var/www/dev1/public_html/admin/model/sale/customer_group.php! in /var/www/dev1/public_html/vqmod/vqcache/vq2-system_engine_loader.php on line 64
2017-12-26 16:49:34 - PHP Notice:  Undefined variable: d_shopunity in /var/www/dev1/public_html/vqmod/vqcache/vq2-admin_view_template_common_header.tpl on line 46
2017-12-26 16:49:37 - PHP Notice:  Undefined variable: d_shopunity in /var/www/dev1/public_html/vqmod/vqcache/vq2-admin_view_template_common_header.tpl on line 46
2017-12-26 16:49:46 - PHP Notice:  Undefined variable: d_shopunity in /var/www/dev1/public_html/vqmod/vqcache/vq2-admin_view_template_common_header.tpl on line 46
2017-12-26 16:49:47 - PHP Notice:  Undefined variable: d_shopunity in /var/www/dev1/public_html/vqmod/vqcache/vq2-admin_view_template_common_header.tpl on line 46
2017-12-26 16:49:51 - PHP Notice:  Undefined variable: d_shopunity in /var/www/dev1/public_html/vqmod/vqcache/vq2-admin_view_template_common_header.tpl on line 46
2017-12-26 16:52:21 - PHP Notice:  Undefined variable: d_shopunity in /var/www/dev1/public_html/vqmod/vqcache/vq2-admin_view_template_common_header.tpl on line 46
2017-12-26 16:54:11 - PHP Notice:  Undefined variable: d_shopunity in /var/www/dev1/public_html/vqmod/vqcache/vq2-admin_view_template_common_header.tpl on line 46
2017-12-26 16:55:35 - PHP Notice:  Undefined variable: d_shopunity in /var/www/dev1/public_html/vqmod/vqcache/vq2-admin_view_template_common_header.tpl on line 46
2017-12-26 16:57:34 - PHP Notice:  Undefined variable: d_shopunity in /var/www/dev1/public_html/vqmod/vqcache/vq2-admin_view_template_common_header.tpl on line 46
2017-12-26 16:58:40 - PHP Notice:  Undefined variable: d_shopunity in /var/www/dev1/public_html/vqmod/vqcache/vq2-admin_view_template_common_header.tpl on line 46
2017-12-26 16:58:53 - PHP Notice:  Undefined variable: d_shopunity in /var/www/dev1/public_html/vqmod/vqcache/vq2-admin_view_template_common_header.tpl on line 46
2017-12-26 16:59:42 - PHP Notice:  Undefined variable: d_shopunity in /var/www/dev1/public_html/vqmod/vqcache/vq2-admin_view_template_common_header.tpl on line 46
2017-12-26 17:00:59 - PHP Notice:  Undefined variable: d_shopunity in /var/www/dev1/public_html/vqmod/vqcache/vq2-admin_view_template_common_header.tpl on line 46
2017-12-26 17:01:05 - PHP Notice:  Undefined variable: d_shopunity in /var/www/dev1/public_html/vqmod/vqcache/vq2-admin_view_template_common_header.tpl on line 46
2017-12-26 17:01:07 - PHP Notice:  Undefined variable: d_shopunity in /var/www/dev1/public_html/vqmod/vqcache/vq2-admin_view_template_common_header.tpl on line 46
2017-12-26 17:03:00 - PHP Notice:  Undefined variable: d_shopunity in /var/www/dev1/public_html/vqmod/vqcache/vq2-admin_view_template_common_header.tpl on line 46
2017-12-26 17:03:12 - PHP Notice:  Undefined variable: d_shopunity in /var/www/dev1/public_html/vqmod/vqcache/vq2-admin_view_template_common_header.tpl on line 46
2017-12-26 17:03:18 - PHP Notice:  Undefined variable: d_shopunity in /var/www/dev1/public_html/vqmod/vqcache/vq2-admin_view_template_common_header.tpl on line 46
2017-12-26 17:03:31 - PHP Notice:  Undefined variable: d_shopunity in /var/www/dev1/public_html/vqmod/vqcache/vq2-admin_view_template_common_header.tpl on line 46
2017-12-26 17:03:40 - PHP Notice:  Undefined variable: d_shopunity in /var/www/dev1/public_html/vqmod/vqcache/vq2-admin_view_template_common_header.tpl on line 46
2017-12-26 17:03:46 - PHP Notice:  Undefined variable: d_shopunity in /var/www/dev1/public_html/vqmod/vqcache/vq2-admin_view_template_common_header.tpl on line 46
2017-12-26 17:03:51 - PHP Notice:  Undefined variable: d_shopunity in /var/www/dev1/public_html/vqmod/vqcache/vq2-admin_view_template_common_header.tpl on line 46
2017-12-26 17:03:55 - PHP Notice:  Undefined variable: d_shopunity in /var/www/dev1/public_html/vqmod/vqcache/vq2-admin_view_template_common_header.tpl on line 46
2017-12-26 17:04:00 - PHP Notice:  Undefined variable: d_shopunity in /var/www/dev1/public_html/vqmod/vqcache/vq2-admin_view_template_common_header.tpl on line 46
2017-12-26 17:04:12 - PHP Notice:  Undefined variable: d_shopunity in /var/www/dev1/public_html/vqmod/vqcache/vq2-admin_view_template_common_header.tpl on line 46
2017-12-26 17:04:24 - PHP Notice:  Undefined variable: d_shopunity in /var/www/dev1/public_html/vqmod/vqcache/vq2-admin_view_template_common_header.tpl on line 46
2017-12-26 17:04:26 - PHP Notice:  Undefined variable: d_shopunity in /var/www/dev1/public_html/vqmod/vqcache/vq2-admin_view_template_common_header.tpl on line 46
2017-12-26 17:04:35 - PHP Notice:  Undefined variable: d_shopunity in /var/www/dev1/public_html/vqmod/vqcache/vq2-admin_view_template_common_header.tpl on line 46
2017-12-26 17:04:47 - PHP Notice:  Undefined variable: d_shopunity in /var/www/dev1/public_html/vqmod/vqcache/vq2-admin_view_template_common_header.tpl on line 46
2017-12-26 17:04:50 - PHP Notice:  Undefined variable: d_shopunity in /var/www/dev1/public_html/vqmod/vqcache/vq2-admin_view_template_common_header.tpl on line 46
2017-12-26 17:05:14 - PHP Notice:  Undefined variable: d_shopunity in /var/www/dev1/public_html/vqmod/vqcache/vq2-admin_view_template_common_header.tpl on line 46
2017-12-26 17:05:40 - PHP Notice:  Undefined variable: d_shopunity in /var/www/dev1/public_html/vqmod/vqcache/vq2-admin_view_template_common_header.tpl on line 46
2017-12-26 17:05:53 - PHP Notice:  Undefined variable: d_shopunity in /var/www/dev1/public_html/vqmod/vqcache/vq2-admin_view_template_common_header.tpl on line 46
2017-12-26 17:06:00 - PHP Notice:  Undefined variable: d_shopunity in /var/www/dev1/public_html/vqmod/vqcache/vq2-admin_view_template_common_header.tpl on line 46
2017-12-26 17:06:04 - PHP Notice:  Undefined variable: d_shopunity in /var/www/dev1/public_html/vqmod/vqcache/vq2-admin_view_template_common_header.tpl on line 46
2017-12-26 17:06:19 - PHP Notice:  Undefined variable: d_shopunity in /var/www/dev1/public_html/vqmod/vqcache/vq2-admin_view_template_common_header.tpl on line 46
2017-12-26 17:06:28 - PHP Notice:  Undefined variable: d_shopunity in /var/www/dev1/public_html/vqmod/vqcache/vq2-admin_view_template_common_header.tpl on line 46
2017-12-26 17:06:45 - PHP Notice:  Undefined variable: d_shopunity in /var/www/dev1/public_html/vqmod/vqcache/vq2-admin_view_template_common_header.tpl on line 46
2017-12-26 17:07:11 - PHP Notice:  Undefined variable: d_shopunity in /var/www/dev1/public_html/vqmod/vqcache/vq2-admin_view_template_common_header.tpl on line 46
2017-12-26 17:07:24 - PHP Notice:  Undefined variable: d_shopunity in /var/www/dev1/public_html/vqmod/vqcache/vq2-admin_view_template_common_header.tpl on line 46
2017-12-26 17:07:51 - PHP Notice:  Undefined variable: d_shopunity in /var/www/dev1/public_html/vqmod/vqcache/vq2-admin_view_template_common_header.tpl on line 46
2017-12-26 17:09:54 - PHP Notice:  Undefined variable: d_shopunity in /var/www/dev1/public_html/vqmod/vqcache/vq2-admin_view_template_common_header.tpl on line 46
2017-12-26 17:10:01 - PHP Notice:  Undefined variable: d_shopunity in /var/www/dev1/public_html/vqmod/vqcache/vq2-admin_view_template_common_header.tpl on line 46
2017-12-26 17:10:17 - PHP Notice:  Undefined variable: d_shopunity in /var/www/dev1/public_html/vqmod/vqcache/vq2-admin_view_template_common_header.tpl on line 46
2017-12-26 17:14:10 - Missing provider application credentials.

HybridAuth Error: Your application id and secret are required in order to connect to Google.

Trace:
 #0 /var/www/dev1/public_html/system/library/Hybrid/Providers/Google.php(28): Hybrid_Provider_Model_OAuth2->initialize()
#1 /var/www/dev1/public_html/system/library/Hybrid/Provider_Model.php(90): Hybrid_Providers_Google->initialize()
#2 /var/www/dev1/public_html/system/library/Hybrid/Provider_Adapter.php(101): Hybrid_Provider_Model->__construct('Google', Array, Array)
#3 /var/www/dev1/public_html/system/library/Hybrid/Auth.php(277): Hybrid_Provider_Adapter->factory('Google', Array)
#4 /var/www/dev1/public_html/system/library/Hybrid/Auth.php(229): Hybrid_Auth::setup('Google', NULL)
#5 /var/www/dev1/public_html/catalog/controller/module/d_social_login.php(103): Hybrid_Auth::authenticate('Google')
#6 [internal function]: ControllerModuleDSocialLogin->login(Array)
#7 /var/www/dev1/public_html/system/engine/action.php(46): call_user_func(Array, Array)
#8 /var/www/dev1/public_html/system/engine/front.php(34): Action->execute(Object(Registry))
#9 /var/www/dev1/public_html/system/engine/front.php(29): Front->execute(Object(Action))
#10 /var/www/dev1/public_html/index.php(275): Front->dispatch(Object(Action), Object(Action))
#11 {main}
2017-12-26 17:16:49 - PHP Notice:  Undefined variable: d_shopunity in /var/www/dev1/public_html/vqmod/vqcache/vq2-admin_view_template_common_header.tpl on line 46
2017-12-26 17:17:04 - PHP Notice:  Undefined variable: d_shopunity in /var/www/dev1/public_html/vqmod/vqcache/vq2-admin_view_template_common_header.tpl on line 46
2017-12-26 17:17:35 - PHP Notice:  Undefined variable: d_shopunity in /var/www/dev1/public_html/vqmod/vqcache/vq2-admin_view_template_common_header.tpl on line 46
2017-12-26 17:17:37 - PHP Notice:  Undefined variable: d_shopunity in /var/www/dev1/public_html/vqmod/vqcache/vq2-admin_view_template_common_header.tpl on line 46
2017-12-26 17:17:57 - PHP Notice:  Undefined variable: d_shopunity in /var/www/dev1/public_html/vqmod/vqcache/vq2-admin_view_template_common_header.tpl on line 46
2017-12-26 17:18:13 - PHP Notice:  Undefined variable: d_shopunity in /var/www/dev1/public_html/vqmod/vqcache/vq2-admin_view_template_common_header.tpl on line 46
2017-12-26 17:18:30 - PHP Notice:  Undefined variable: d_shopunity in /var/www/dev1/public_html/vqmod/vqcache/vq2-admin_view_template_common_header.tpl on line 46
2017-12-26 17:18:34 - PHP Notice:  Undefined variable: d_shopunity in /var/www/dev1/public_html/vqmod/vqcache/vq2-admin_view_template_common_header.tpl on line 46
2017-12-26 17:18:45 - PHP Notice:  Undefined variable: d_shopunity in /var/www/dev1/public_html/vqmod/vqcache/vq2-admin_view_template_common_header.tpl on line 46
2017-12-26 17:18:53 - PHP Notice:  Undefined variable: d_shopunity in /var/www/dev1/public_html/vqmod/vqcache/vq2-admin_view_template_common_header.tpl on line 46
2017-12-26 17:19:39 - PHP Notice:  Undefined variable: d_shopunity in /var/www/dev1/public_html/vqmod/vqcache/vq2-admin_view_template_common_header.tpl on line 46
2017-12-26 17:19:56 - PHP Notice:  Undefined variable: d_shopunity in /var/www/dev1/public_html/vqmod/vqcache/vq2-admin_view_template_common_header.tpl on line 46
2017-12-26 17:20:02 - PHP Notice:  Undefined variable: d_shopunity in /var/www/dev1/public_html/vqmod/vqcache/vq2-admin_view_template_common_header.tpl on line 46
2017-12-26 17:20:14 - PHP Notice:  Undefined variable: d_shopunity in /var/www/dev1/public_html/vqmod/vqcache/vq2-admin_view_template_common_header.tpl on line 46
2017-12-26 17:20:23 - PHP Notice:  Undefined variable: d_shopunity in /var/www/dev1/public_html/vqmod/vqcache/vq2-admin_view_template_common_header.tpl on line 46
2017-12-26 17:20:32 - PHP Notice:  Undefined variable: d_shopunity in /var/www/dev1/public_html/vqmod/vqcache/vq2-admin_view_template_common_header.tpl on line 46
2017-12-26 17:20:48 - PHP Notice:  Undefined variable: d_shopunity in /var/www/dev1/public_html/vqmod/vqcache/vq2-admin_view_template_common_header.tpl on line 46
2017-12-26 17:20:51 - PHP Notice:  Undefined variable: d_shopunity in /var/www/dev1/public_html/vqmod/vqcache/vq2-admin_view_template_common_header.tpl on line 46
2017-12-26 17:20:54 - PHP Notice:  Undefined variable: d_shopunity in /var/www/dev1/public_html/vqmod/vqcache/vq2-admin_view_template_common_header.tpl on line 46
2017-12-26 17:20:55 - PHP Notice:  Undefined variable: d_shopunity in /var/www/dev1/public_html/vqmod/vqcache/vq2-admin_view_template_common_header.tpl on line 46
2017-12-26 17:20:57 - PHP Notice:  Undefined variable: d_shopunity in /var/www/dev1/public_html/vqmod/vqcache/vq2-admin_view_template_common_header.tpl on line 46
2017-12-26 17:20:59 - PHP Notice:  Undefined variable: d_shopunity in /var/www/dev1/public_html/vqmod/vqcache/vq2-admin_view_template_common_header.tpl on line 46
2017-12-26 17:21:01 - PHP Notice:  Undefined variable: d_shopunity in /var/www/dev1/public_html/vqmod/vqcache/vq2-admin_view_template_common_header.tpl on line 46
2017-12-26 17:21:04 - PHP Notice:  Undefined variable: d_shopunity in /var/www/dev1/public_html/vqmod/vqcache/vq2-admin_view_template_common_header.tpl on line 46
2017-12-26 17:21:06 - PHP Notice:  Undefined variable: d_shopunity in /var/www/dev1/public_html/vqmod/vqcache/vq2-admin_view_template_common_header.tpl on line 46
2017-12-26 17:21:09 - PHP Notice:  Undefined variable: d_shopunity in /var/www/dev1/public_html/vqmod/vqcache/vq2-admin_view_template_common_header.tpl on line 46
2017-12-26 17:21:11 - PHP Notice:  Undefined variable: d_shopunity in /var/www/dev1/public_html/vqmod/vqcache/vq2-admin_view_template_common_header.tpl on line 46
2017-12-26 17:21:14 - PHP Notice:  Undefined variable: d_shopunity in /var/www/dev1/public_html/vqmod/vqcache/vq2-admin_view_template_common_header.tpl on line 46
2017-12-26 17:21:18 - PHP Notice:  Undefined variable: d_shopunity in /var/www/dev1/public_html/vqmod/vqcache/vq2-admin_view_template_common_header.tpl on line 46
2017-12-26 17:21:22 - PHP Notice:  Undefined variable: d_shopunity in /var/www/dev1/public_html/vqmod/vqcache/vq2-admin_view_template_common_header.tpl on line 46
2017-12-26 17:21:25 - PHP Notice:  Undefined variable: d_shopunity in /var/www/dev1/public_html/vqmod/vqcache/vq2-admin_view_template_common_header.tpl on line 46
2017-12-26 17:21:29 - PHP Notice:  Undefined variable: d_shopunity in /var/www/dev1/public_html/vqmod/vqcache/vq2-admin_view_template_common_header.tpl on line 46
2017-12-26 17:21:32 - PHP Notice:  Undefined variable: d_shopunity in /var/www/dev1/public_html/vqmod/vqcache/vq2-admin_view_template_common_header.tpl on line 46
2017-12-26 17:21:34 - PHP Notice:  Undefined variable: d_shopunity in /var/www/dev1/public_html/vqmod/vqcache/vq2-admin_view_template_common_header.tpl on line 46
2017-12-26 17:21:36 - PHP Notice:  Undefined variable: d_shopunity in /var/www/dev1/public_html/vqmod/vqcache/vq2-admin_view_template_common_header.tpl on line 46
2017-12-26 17:21:40 - PHP Notice:  Undefined variable: d_shopunity in /var/www/dev1/public_html/vqmod/vqcache/vq2-admin_view_template_common_header.tpl on line 46
2017-12-26 17:21:57 - PHP Notice:  Undefined variable: d_shopunity in /var/www/dev1/public_html/vqmod/vqcache/vq2-admin_view_template_common_header.tpl on line 46
2017-12-26 17:22:00 - PHP Notice:  Undefined variable: d_shopunity in /var/www/dev1/public_html/vqmod/vqcache/vq2-admin_view_template_common_header.tpl on line 46
2017-12-26 17:22:47 - PHP Notice:  Undefined variable: d_shopunity in /var/www/dev1/public_html/vqmod/vqcache/vq2-admin_view_template_common_header.tpl on line 46
2017-12-26 17:40:55 - PHP Notice:  Undefined variable: d_shopunity in /var/www/dev1/public_html/vqmod/vqcache/vq2-admin_view_template_common_header.tpl on line 46
2017-12-26 17:40:57 - PHP Notice:  Undefined variable: d_shopunity in /var/www/dev1/public_html/vqmod/vqcache/vq2-admin_view_template_common_header.tpl on line 46
2017-12-26 17:41:01 - PHP Notice:  Undefined variable: d_shopunity in /var/www/dev1/public_html/vqmod/vqcache/vq2-admin_view_template_common_header.tpl on line 46
2017-12-26 17:59:17 - Missing provider application credentials.

HybridAuth Error: Your application id and secret are required in order to connect to Google.

Trace:
 #0 /var/www/dev1/public_html/system/library/Hybrid/Providers/Google.php(28): Hybrid_Provider_Model_OAuth2->initialize()
#1 /var/www/dev1/public_html/system/library/Hybrid/Provider_Model.php(90): Hybrid_Providers_Google->initialize()
#2 /var/www/dev1/public_html/system/library/Hybrid/Provider_Adapter.php(101): Hybrid_Provider_Model->__construct('Google', Array, Array)
#3 /var/www/dev1/public_html/system/library/Hybrid/Auth.php(277): Hybrid_Provider_Adapter->factory('Google', Array)
#4 /var/www/dev1/public_html/system/library/Hybrid/Auth.php(229): Hybrid_Auth::setup('Google', NULL)
#5 /var/www/dev1/public_html/catalog/controller/module/d_social_login.php(103): Hybrid_Auth::authenticate('Google')
#6 [internal function]: ControllerModuleDSocialLogin->login(Array)
#7 /var/www/dev1/public_html/system/engine/action.php(46): call_user_func(Array, Array)
#8 /var/www/dev1/public_html/system/engine/front.php(34): Action->execute(Object(Registry))
#9 /var/www/dev1/public_html/system/engine/front.php(29): Front->execute(Object(Action))
#10 /var/www/dev1/public_html/index.php(275): Front->dispatch(Object(Action), Object(Action))
#11 {main}
2017-12-26 17:59:45 - Missing provider application credentials.

HybridAuth Error: Your application id and secret are required in order to connect to Google.

Trace:
 #0 /var/www/dev1/public_html/system/library/Hybrid/Providers/Google.php(28): Hybrid_Provider_Model_OAuth2->initialize()
#1 /var/www/dev1/public_html/system/library/Hybrid/Provider_Model.php(90): Hybrid_Providers_Google->initialize()
#2 /var/www/dev1/public_html/system/library/Hybrid/Provider_Adapter.php(101): Hybrid_Provider_Model->__construct('Google', Array, Array)
#3 /var/www/dev1/public_html/system/library/Hybrid/Auth.php(277): Hybrid_Provider_Adapter->factory('Google', Array)
#4 /var/www/dev1/public_html/system/library/Hybrid/Auth.php(229): Hybrid_Auth::setup('Google', NULL)
#5 /var/www/dev1/public_html/catalog/controller/module/d_social_login.php(103): Hybrid_Auth::authenticate('Google')
#6 [internal function]: ControllerModuleDSocialLogin->login(Array)
#7 /var/www/dev1/public_html/system/engine/action.php(46): call_user_func(Array, Array)
#8 /var/www/dev1/public_html/system/engine/front.php(34): Action->execute(Object(Registry))
#9 /var/www/dev1/public_html/system/engine/front.php(29): Front->execute(Object(Action))
#10 /var/www/dev1/public_html/index.php(275): Front->dispatch(Object(Action), Object(Action))
#11 {main}
2017-12-26 17:59:49 - Missing provider application credentials.

HybridAuth Error: Your application id and secret are required in order to connect to Google.

Trace:
 #0 /var/www/dev1/public_html/system/library/Hybrid/Providers/Google.php(28): Hybrid_Provider_Model_OAuth2->initialize()
#1 /var/www/dev1/public_html/system/library/Hybrid/Provider_Model.php(90): Hybrid_Providers_Google->initialize()
#2 /var/www/dev1/public_html/system/library/Hybrid/Provider_Adapter.php(101): Hybrid_Provider_Model->__construct('Google', Array, Array)
#3 /var/www/dev1/public_html/system/library/Hybrid/Auth.php(277): Hybrid_Provider_Adapter->factory('Google', Array)
#4 /var/www/dev1/public_html/system/library/Hybrid/Auth.php(229): Hybrid_Auth::setup('Google', NULL)
#5 /var/www/dev1/public_html/catalog/controller/module/d_social_login.php(103): Hybrid_Auth::authenticate('Google')
#6 [internal function]: ControllerModuleDSocialLogin->login(Array)
#7 /var/www/dev1/public_html/system/engine/action.php(46): call_user_func(Array, Array)
#8 /var/www/dev1/public_html/system/engine/front.php(34): Action->execute(Object(Registry))
#9 /var/www/dev1/public_html/system/engine/front.php(29): Front->execute(Object(Action))
#10 /var/www/dev1/public_html/index.php(275): Front->dispatch(Object(Action), Object(Action))
#11 {main}
2017-12-26 17:59:52 - Missing provider application credentials.

HybridAuth Error: Your application id and secret are required in order to connect to Facebook.

Trace:
 #0 /var/www/dev1/public_html/system/library/Hybrid/Provider_Model.php(90): Hybrid_Providers_Facebook->initialize()
#1 /var/www/dev1/public_html/system/library/Hybrid/Provider_Adapter.php(101): Hybrid_Provider_Model->__construct('Facebook', Array, Array)
#2 /var/www/dev1/public_html/system/library/Hybrid/Auth.php(277): Hybrid_Provider_Adapter->factory('Facebook', Array)
#3 /var/www/dev1/public_html/system/library/Hybrid/Auth.php(229): Hybrid_Auth::setup('Facebook', NULL)
#4 /var/www/dev1/public_html/catalog/controller/module/d_social_login.php(103): Hybrid_Auth::authenticate('Facebook')
#5 [internal function]: ControllerModuleDSocialLogin->login(Array)
#6 /var/www/dev1/public_html/system/engine/action.php(46): call_user_func(Array, Array)
#7 /var/www/dev1/public_html/system/engine/front.php(34): Action->execute(Object(Registry))
#8 /var/www/dev1/public_html/system/engine/front.php(29): Front->execute(Object(Action))
#9 /var/www/dev1/public_html/index.php(275): Front->dispatch(Object(Action), Object(Action))
#10 {main}
2017-12-26 17:59:54 - Missing provider application credentials.

HybridAuth Error: Your application key and secret are required in order to connect to Twitter.

Trace:
 #0 /var/www/dev1/public_html/system/library/Hybrid/Providers/Twitter.php(18): Hybrid_Provider_Model_OAuth1->initialize()
#1 /var/www/dev1/public_html/system/library/Hybrid/Provider_Model.php(90): Hybrid_Providers_Twitter->initialize()
#2 /var/www/dev1/public_html/system/library/Hybrid/Provider_Adapter.php(101): Hybrid_Provider_Model->__construct('Twitter', Array, Array)
#3 /var/www/dev1/public_html/system/library/Hybrid/Auth.php(277): Hybrid_Provider_Adapter->factory('Twitter', Array)
#4 /var/www/dev1/public_html/system/library/Hybrid/Auth.php(229): Hybrid_Auth::setup('Twitter', NULL)
#5 /var/www/dev1/public_html/catalog/controller/module/d_social_login.php(103): Hybrid_Auth::authenticate('Twitter')
#6 [internal function]: ControllerModuleDSocialLogin->login(Array)
#7 /var/www/dev1/public_html/system/engine/action.php(46): call_user_func(Array, Array)
#8 /var/www/dev1/public_html/system/engine/front.php(34): Action->execute(Object(Registry))
#9 /var/www/dev1/public_html/system/engine/front.php(29): Front->execute(Object(Action))
#10 /var/www/dev1/public_html/index.php(275): Front->dispatch(Object(Action), Object(Action))
#11 {main}
2017-12-26 17:59:56 - Missing provider application credentials.

HybridAuth Error: Your application key and secret are required in order to connect to Twitter.

Trace:
 #0 /var/www/dev1/public_html/system/library/Hybrid/Providers/Twitter.php(18): Hybrid_Provider_Model_OAuth1->initialize()
#1 /var/www/dev1/public_html/system/library/Hybrid/Provider_Model.php(90): Hybrid_Providers_Twitter->initialize()
#2 /var/www/dev1/public_html/system/library/Hybrid/Provider_Adapter.php(101): Hybrid_Provider_Model->__construct('Twitter', Array, Array)
#3 /var/www/dev1/public_html/system/library/Hybrid/Auth.php(277): Hybrid_Provider_Adapter->factory('Twitter', Array)
#4 /var/www/dev1/public_html/system/library/Hybrid/Auth.php(229): Hybrid_Auth::setup('Twitter', NULL)
#5 /var/www/dev1/public_html/catalog/controller/module/d_social_login.php(103): Hybrid_Auth::authenticate('Twitter')
#6 [internal function]: ControllerModuleDSocialLogin->login(Array)
#7 /var/www/dev1/public_html/system/engine/action.php(46): call_user_func(Array, Array)
#8 /var/www/dev1/public_html/system/engine/front.php(34): Action->execute(Object(Registry))
#9 /var/www/dev1/public_html/system/engine/front.php(29): Front->execute(Object(Action))
#10 /var/www/dev1/public_html/index.php(275): Front->dispatch(Object(Action), Object(Action))
#11 {main}
2017-12-26 17:59:57 - Missing provider application credentials.

HybridAuth Error: Your application id and secret are required in order to connect to Facebook.

Trace:
 #0 /var/www/dev1/public_html/system/library/Hybrid/Provider_Model.php(90): Hybrid_Providers_Facebook->initialize()
#1 /var/www/dev1/public_html/system/library/Hybrid/Provider_Adapter.php(101): Hybrid_Provider_Model->__construct('Facebook', Array, Array)
#2 /var/www/dev1/public_html/system/library/Hybrid/Auth.php(277): Hybrid_Provider_Adapter->factory('Facebook', Array)
#3 /var/www/dev1/public_html/system/library/Hybrid/Auth.php(229): Hybrid_Auth::setup('Facebook', NULL)
#4 /var/www/dev1/public_html/catalog/controller/module/d_social_login.php(103): Hybrid_Auth::authenticate('Facebook')
#5 [internal function]: ControllerModuleDSocialLogin->login(Array)
#6 /var/www/dev1/public_html/system/engine/action.php(46): call_user_func(Array, Array)
#7 /var/www/dev1/public_html/system/engine/front.php(34): Action->execute(Object(Registry))
#8 /var/www/dev1/public_html/system/engine/front.php(29): Front->execute(Object(Action))
#9 /var/www/dev1/public_html/index.php(275): Front->dispatch(Object(Action), Object(Action))
#10 {main}
2017-12-26 17:59:59 - Missing provider application credentials.

HybridAuth Error: Your application id and secret are required in order to connect to Google.

Trace:
 #0 /var/www/dev1/public_html/system/library/Hybrid/Providers/Google.php(28): Hybrid_Provider_Model_OAuth2->initialize()
#1 /var/www/dev1/public_html/system/library/Hybrid/Provider_Model.php(90): Hybrid_Providers_Google->initialize()
#2 /var/www/dev1/public_html/system/library/Hybrid/Provider_Adapter.php(101): Hybrid_Provider_Model->__construct('Google', Array, Array)
#3 /var/www/dev1/public_html/system/library/Hybrid/Auth.php(277): Hybrid_Provider_Adapter->factory('Google', Array)
#4 /var/www/dev1/public_html/system/library/Hybrid/Auth.php(229): Hybrid_Auth::setup('Google', NULL)
#5 /var/www/dev1/public_html/catalog/controller/module/d_social_login.php(103): Hybrid_Auth::authenticate('Google')
#6 [internal function]: ControllerModuleDSocialLogin->login(Array)
#7 /var/www/dev1/public_html/system/engine/action.php(46): call_user_func(Array, Array)
#8 /var/www/dev1/public_html/system/engine/front.php(34): Action->execute(Object(Registry))
#9 /var/www/dev1/public_html/system/engine/front.php(29): Front->execute(Object(Action))
#10 /var/www/dev1/public_html/index.php(275): Front->dispatch(Object(Action), Object(Action))
#11 {main}
2017-12-26 18:00:01 - Missing provider application credentials.

HybridAuth Error: Your application id and secret are required in order to connect to Google.

Trace:
 #0 /var/www/dev1/public_html/system/library/Hybrid/Providers/Google.php(28): Hybrid_Provider_Model_OAuth2->initialize()
#1 /var/www/dev1/public_html/system/library/Hybrid/Provider_Model.php(90): Hybrid_Providers_Google->initialize()
#2 /var/www/dev1/public_html/system/library/Hybrid/Provider_Adapter.php(101): Hybrid_Provider_Model->__construct('Google', Array, Array)
#3 /var/www/dev1/public_html/system/library/Hybrid/Auth.php(277): Hybrid_Provider_Adapter->factory('Google', Array)
#4 /var/www/dev1/public_html/system/library/Hybrid/Auth.php(229): Hybrid_Auth::setup('Google', NULL)
#5 /var/www/dev1/public_html/catalog/controller/module/d_social_login.php(103): Hybrid_Auth::authenticate('Google')
#6 [internal function]: ControllerModuleDSocialLogin->login(Array)
#7 /var/www/dev1/public_html/system/engine/action.php(46): call_user_func(Array, Array)
#8 /var/www/dev1/public_html/system/engine/front.php(34): Action->execute(Object(Registry))
#9 /var/www/dev1/public_html/system/engine/front.php(29): Front->execute(Object(Action))
#10 /var/www/dev1/public_html/index.php(275): Front->dispatch(Object(Action), Object(Action))
#11 {main}
2017-12-26 18:00:02 - Missing provider application credentials.

HybridAuth Error: Your application key and secret are required in order to connect to Twitter.

Trace:
 #0 /var/www/dev1/public_html/system/library/Hybrid/Providers/Twitter.php(18): Hybrid_Provider_Model_OAuth1->initialize()
#1 /var/www/dev1/public_html/system/library/Hybrid/Provider_Model.php(90): Hybrid_Providers_Twitter->initialize()
#2 /var/www/dev1/public_html/system/library/Hybrid/Provider_Adapter.php(101): Hybrid_Provider_Model->__construct('Twitter', Array, Array)
#3 /var/www/dev1/public_html/system/library/Hybrid/Auth.php(277): Hybrid_Provider_Adapter->factory('Twitter', Array)
#4 /var/www/dev1/public_html/system/library/Hybrid/Auth.php(229): Hybrid_Auth::setup('Twitter', NULL)
#5 /var/www/dev1/public_html/catalog/controller/module/d_social_login.php(103): Hybrid_Auth::authenticate('Twitter')
#6 [internal function]: ControllerModuleDSocialLogin->login(Array)
#7 /var/www/dev1/public_html/system/engine/action.php(46): call_user_func(Array, Array)
#8 /var/www/dev1/public_html/system/engine/front.php(34): Action->execute(Object(Registry))
#9 /var/www/dev1/public_html/system/engine/front.php(29): Front->execute(Object(Action))
#10 /var/www/dev1/public_html/index.php(275): Front->dispatch(Object(Action), Object(Action))
#11 {main}
2017-12-26 18:00:03 - Missing provider application credentials.

HybridAuth Error: Your application id and secret are required in order to connect to Facebook.

Trace:
 #0 /var/www/dev1/public_html/system/library/Hybrid/Provider_Model.php(90): Hybrid_Providers_Facebook->initialize()
#1 /var/www/dev1/public_html/system/library/Hybrid/Provider_Adapter.php(101): Hybrid_Provider_Model->__construct('Facebook', Array, Array)
#2 /var/www/dev1/public_html/system/library/Hybrid/Auth.php(277): Hybrid_Provider_Adapter->factory('Facebook', Array)
#3 /var/www/dev1/public_html/system/library/Hybrid/Auth.php(229): Hybrid_Auth::setup('Facebook', NULL)
#4 /var/www/dev1/public_html/catalog/controller/module/d_social_login.php(103): Hybrid_Auth::authenticate('Facebook')
#5 [internal function]: ControllerModuleDSocialLogin->login(Array)
#6 /var/www/dev1/public_html/system/engine/action.php(46): call_user_func(Array, Array)
#7 /var/www/dev1/public_html/system/engine/front.php(34): Action->execute(Object(Registry))
#8 /var/www/dev1/public_html/system/engine/front.php(29): Front->execute(Object(Action))
#9 /var/www/dev1/public_html/index.php(275): Front->dispatch(Object(Action), Object(Action))
#10 {main}
2017-12-26 18:00:08 - Missing provider application credentials.

HybridAuth Error: Your application id and secret are required in order to connect to Google.

Trace:
 #0 /var/www/dev1/public_html/system/library/Hybrid/Providers/Google.php(28): Hybrid_Provider_Model_OAuth2->initialize()
#1 /var/www/dev1/public_html/system/library/Hybrid/Provider_Model.php(90): Hybrid_Providers_Google->initialize()
#2 /var/www/dev1/public_html/system/library/Hybrid/Provider_Adapter.php(101): Hybrid_Provider_Model->__construct('Google', Array, Array)
#3 /var/www/dev1/public_html/system/library/Hybrid/Auth.php(277): Hybrid_Provider_Adapter->factory('Google', Array)
#4 /var/www/dev1/public_html/system/library/Hybrid/Auth.php(229): Hybrid_Auth::setup('Google', NULL)
#5 /var/www/dev1/public_html/catalog/controller/module/d_social_login.php(103): Hybrid_Auth::authenticate('Google')
#6 [internal function]: ControllerModuleDSocialLogin->login(Array)
#7 /var/www/dev1/public_html/system/engine/action.php(46): call_user_func(Array, Array)
#8 /var/www/dev1/public_html/system/engine/front.php(34): Action->execute(Object(Registry))
#9 /var/www/dev1/public_html/system/engine/front.php(29): Front->execute(Object(Action))
#10 /var/www/dev1/public_html/index.php(275): Front->dispatch(Object(Action), Object(Action))
#11 {main}
2017-12-26 18:00:16 - Missing provider application credentials.

HybridAuth Error: Your application id and secret are required in order to connect to Google.

Trace:
 #0 /var/www/dev1/public_html/system/library/Hybrid/Providers/Google.php(28): Hybrid_Provider_Model_OAuth2->initialize()
#1 /var/www/dev1/public_html/system/library/Hybrid/Provider_Model.php(90): Hybrid_Providers_Google->initialize()
#2 /var/www/dev1/public_html/system/library/Hybrid/Provider_Adapter.php(101): Hybrid_Provider_Model->__construct('Google', Array, Array)
#3 /var/www/dev1/public_html/system/library/Hybrid/Auth.php(277): Hybrid_Provider_Adapter->factory('Google', Array)
#4 /var/www/dev1/public_html/system/library/Hybrid/Auth.php(229): Hybrid_Auth::setup('Google', NULL)
#5 /var/www/dev1/public_html/catalog/controller/module/d_social_login.php(103): Hybrid_Auth::authenticate('Google')
#6 [internal function]: ControllerModuleDSocialLogin->login(Array)
#7 /var/www/dev1/public_html/system/engine/action.php(46): call_user_func(Array, Array)
#8 /var/www/dev1/public_html/system/engine/front.php(34): Action->execute(Object(Registry))
#9 /var/www/dev1/public_html/system/engine/front.php(29): Front->execute(Object(Action))
#10 /var/www/dev1/public_html/index.php(275): Front->dispatch(Object(Action), Object(Action))
#11 {main}
2017-12-26 18:00:24 - PHP Notice:  Undefined variable: d_shopunity in /var/www/dev1/public_html/vqmod/vqcache/vq2-admin_view_template_common_header.tpl on line 46
2017-12-26 18:00:36 - PHP Notice:  Undefined variable: d_shopunity in /var/www/dev1/public_html/vqmod/vqcache/vq2-admin_view_template_common_header.tpl on line 46
2017-12-26 18:00:45 - PHP Notice:  Undefined variable: d_shopunity in /var/www/dev1/public_html/vqmod/vqcache/vq2-admin_view_template_common_header.tpl on line 46
2017-12-26 18:00:59 - PHP Notice:  Undefined variable: d_shopunity in /var/www/dev1/public_html/vqmod/vqcache/vq2-admin_view_template_common_header.tpl on line 46
2017-12-26 18:01:10 - PHP Notice:  Undefined variable: d_shopunity in /var/www/dev1/public_html/vqmod/vqcache/vq2-admin_view_template_common_header.tpl on line 46
2017-12-26 18:12:27 - PHP Notice:  Undefined variable: d_shopunity in /var/www/dev1/public_html/vqmod/vqcache/vq2-admin_view_template_common_header.tpl on line 46
2017-12-26 18:12:30 - PHP Notice:  Undefined variable: d_shopunity in /var/www/dev1/public_html/vqmod/vqcache/vq2-admin_view_template_common_header.tpl on line 46
2017-12-26 18:12:34 - PHP Notice:  Undefined variable: d_shopunity in /var/www/dev1/public_html/vqmod/vqcache/vq2-admin_view_template_common_header.tpl on line 46
2017-12-26 18:12:42 - PHP Notice:  Undefined variable: d_shopunity in /var/www/dev1/public_html/vqmod/vqcache/vq2-admin_view_template_common_header.tpl on line 46
2017-12-26 18:12:56 - PHP Notice:  Undefined variable: d_shopunity in /var/www/dev1/public_html/vqmod/vqcache/vq2-admin_view_template_common_header.tpl on line 46
2017-12-26 18:13:00 - PHP Notice:  Undefined variable: d_shopunity in /var/www/dev1/public_html/vqmod/vqcache/vq2-admin_view_template_common_header.tpl on line 46
2017-12-26 18:13:09 - PHP Notice:  Undefined variable: d_shopunity in /var/www/dev1/public_html/vqmod/vqcache/vq2-admin_view_template_common_header.tpl on line 46
2017-12-26 18:13:14 - PHP Notice:  Undefined variable: d_shopunity in /var/www/dev1/public_html/vqmod/vqcache/vq2-admin_view_template_common_header.tpl on line 46
2017-12-26 18:13:37 - PHP Notice:  Undefined variable: d_shopunity in /var/www/dev1/public_html/vqmod/vqcache/vq2-admin_view_template_common_header.tpl on line 46
2017-12-26 18:13:48 - PHP Notice:  Undefined variable: d_shopunity in /var/www/dev1/public_html/vqmod/vqcache/vq2-admin_view_template_common_header.tpl on line 46
2017-12-26 18:14:07 - PHP Notice:  Undefined variable: d_shopunity in /var/www/dev1/public_html/vqmod/vqcache/vq2-admin_view_template_common_header.tpl on line 46
2017-12-26 18:14:23 - PHP Notice:  Undefined variable: d_shopunity in /var/www/dev1/public_html/vqmod/vqcache/vq2-admin_view_template_common_header.tpl on line 46
2017-12-26 18:14:41 - Missing provider application credentials.

HybridAuth Error: Your application id and secret are required in order to connect to Google.

Trace:
 #0 /var/www/dev1/public_html/system/library/Hybrid/Providers/Google.php(28): Hybrid_Provider_Model_OAuth2->initialize()
#1 /var/www/dev1/public_html/system/library/Hybrid/Provider_Model.php(90): Hybrid_Providers_Google->initialize()
#2 /var/www/dev1/public_html/system/library/Hybrid/Provider_Adapter.php(101): Hybrid_Provider_Model->__construct('Google', Array, Array)
#3 /var/www/dev1/public_html/system/library/Hybrid/Auth.php(277): Hybrid_Provider_Adapter->factory('Google', Array)
#4 /var/www/dev1/public_html/system/library/Hybrid/Auth.php(229): Hybrid_Auth::setup('Google', NULL)
#5 /var/www/dev1/public_html/catalog/controller/module/d_social_login.php(103): Hybrid_Auth::authenticate('Google')
#6 [internal function]: ControllerModuleDSocialLogin->login(Array)
#7 /var/www/dev1/public_html/system/engine/action.php(46): call_user_func(Array, Array)
#8 /var/www/dev1/public_html/system/engine/front.php(34): Action->execute(Object(Registry))
#9 /var/www/dev1/public_html/system/engine/front.php(29): Front->execute(Object(Action))
#10 /var/www/dev1/public_html/index.php(275): Front->dispatch(Object(Action), Object(Action))
#11 {main}
